<?xml version="1.0" encoding="UTF-8"?>
<!-- Generated by org.testng.reporters.JUnitReportReporter -->
<testsuite hostname="WKSPUN05GTR0504" failures="0" tests="4" name="runner.ShortlistRunner" time="257.049" errors="0" timestamp="2024-10-01T17:03:24 IST" skipped="0">
  <testcase classname="runner.ShortlistRunner" name="runScenario" time="65.771"/>
  <testcase classname="runner.ShortlistRunner" name="runScenario" time="66.385"/>
  <testcase classname="runner.ShortlistRunner" name="runScenario" time="65.077"/>
  <testcase classname="runner.ShortlistRunner" name="runScenario" time="59.816"/>
</testsuite> <!-- runner.ShortlistRunner -->
